[2025-04-03 11:57:51] (2) Undefined array key "last_activity" in D:\OSPanel\domains\goodphp.loc\core\helpers.php:40
[2025-04-03 11:57:51] (2) Trying to access array offset on value of type bool in D:\OSPanel\domains\goodphp.loc\app\controllers\account\index.php:3
[2025-04-03 11:58:28] (2) Trying to access array offset on value of type bool in D:\OSPanel\domains\goodphp.loc\app\controllers\account\index.php:3
[2025-04-03 12:04:51] (2) Trying to access array offset on value of type bool in D:\OSPanel\domains\goodphp.loc\app\controllers\account\index.php:3
[2025-04-03 12:05:14] (8192) preg_replace(): Passing null to parameter #3 ($subject) of type array|string is deprecated in D:\OSPanel\domains\goodphp.loc\app\views\account\index.php:55
[2025-04-03 12:06:06] (8192) preg_replace(): Passing null to parameter #3 ($subject) of type array|string is deprecated in D:\OSPanel\domains\goodphp.loc\app\views\account\index.php:55
[2025-04-03 12:17:11] (8) session_start(): Ignoring session_start() because a session is already active in D:\OSPanel\domains\goodphp.loc\app\views\account\captcha.php:3
[2025-04-03 12:17:11] (2) imagettfbbox(): Invalid font filename in D:\OSPanel\domains\goodphp.loc\app\views\account\captcha.php:38
[2025-04-03 12:17:11] (2) Trying to access array offset on value of type bool in D:\OSPanel\domains\goodphp.loc\app\views\account\captcha.php:39
[2025-04-03 12:17:11] (2) Trying to access array offset on value of type bool in D:\OSPanel\domains\goodphp.loc\app\views\account\captcha.php:39
[2025-04-03 12:17:11] (2) Trying to access array offset on value of type bool in D:\OSPanel\domains\goodphp.loc\app\views\account\captcha.php:40
[2025-04-03 12:17:11] (2) Trying to access array offset on value of type bool in D:\OSPanel\domains\goodphp.loc\app\views\account\captcha.php:40
[2025-04-03 12:17:11] (2) Trying to access array offset on value of type bool in D:\OSPanel\domains\goodphp.loc\app\views\account\captcha.php:43
[2025-04-03 12:17:11] (2) imagettftext(): Invalid font filename in D:\OSPanel\domains\goodphp.loc\app\views\account\captcha.php:45
[2025-04-03 12:18:24] (8) session_start(): Ignoring session_start() because a session is already active in D:\OSPanel\domains\goodphp.loc\app\views\account\captcha.php:3
[2025-04-03 12:18:24] (8192) Implicit conversion from float 90.5 to int loses precision in D:\OSPanel\domains\goodphp.loc\app\views\account\captcha.php:45
[2025-04-03 12:18:24] (8192) Implicit conversion from float 62.5 to int loses precision in D:\OSPanel\domains\goodphp.loc\app\views\account\captcha.php:45
[2025-04-03 12:18:24] (8) session_start(): Ignoring session_start() because a session is already active in D:\OSPanel\domains\goodphp.loc\app\views\account\captcha.php:3
[2025-04-03 12:18:24] (8192) Implicit conversion from float 59.5 to int loses precision in D:\OSPanel\domains\goodphp.loc\app\views\account\captcha.php:45
[2025-04-03 12:18:30] (8) session_start(): Ignoring session_start() because a session is already active in D:\OSPanel\domains\goodphp.loc\app\views\account\captcha.php:3
[2025-04-03 12:18:30] (8192) Implicit conversion from float 88.5 to int loses precision in D:\OSPanel\domains\goodphp.loc\app\views\account\captcha.php:45
[2025-04-03 12:18:30] (8192) Implicit conversion from float 62.5 to int loses precision in D:\OSPanel\domains\goodphp.loc\app\views\account\captcha.php:45
[2025-04-03 12:18:33] (8) session_start(): Ignoring session_start() because a session is already active in D:\OSPanel\domains\goodphp.loc\app\views\account\captcha.php:3
[2025-04-03 12:18:33] (8192) Implicit conversion from float 59.5 to int loses precision in D:\OSPanel\domains\goodphp.loc\app\views\account\captcha.php:45
[2025-04-03 12:21:25] (2) Undefined array key "captcha_input" in D:\OSPanel\domains\goodphp.loc\app\controllers\account\login.php:10
[2025-04-03 15:21:28] (2) Trying to access array offset on value of type bool in D:\OSPanel\domains\goodphp.loc\app\views\layouts\default\index.php:292
[2025-04-03 15:21:28] (2) Trying to access array offset on value of type bool in D:\OSPanel\domains\goodphp.loc\app\views\layouts\default\index.php:316
[2025-04-03 15:21:28] (2) Trying to access array offset on value of type bool in D:\OSPanel\domains\goodphp.loc\app\views\layouts\default\index.php:317
[2025-04-03 15:21:28] (2) Trying to access array offset on value of type bool in D:\OSPanel\domains\goodphp.loc\app\views\layouts\default\index.php:292
[2025-04-03 15:21:28] (2) Trying to access array offset on value of type bool in D:\OSPanel\domains\goodphp.loc\app\views\layouts\default\index.php:316
[2025-04-03 15:21:28] (2) Trying to access array offset on value of type bool in D:\OSPanel\domains\goodphp.loc\app\views\layouts\default\index.php:317
[2025-04-03 15:21:28] (2) Trying to access array offset on value of type bool in D:\OSPanel\domains\goodphp.loc\app\views\layouts\default\index.php:292
[2025-04-03 15:21:28] (2) Trying to access array offset on value of type bool in D:\OSPanel\domains\goodphp.loc\app\views\layouts\default\index.php:316
[2025-04-03 15:21:28] (2) Trying to access array offset on value of type bool in D:\OSPanel\domains\goodphp.loc\app\views\layouts\default\index.php:317
[2025-04-03 15:21:28] (2) Trying to access array offset on value of type bool in D:\OSPanel\domains\goodphp.loc\app\views\layouts\default\index.php:292
[2025-04-03 15:21:28] (2) Trying to access array offset on value of type bool in D:\OSPanel\domains\goodphp.loc\app\views\layouts\default\index.php:316
[2025-04-03 15:21:28] (2) Trying to access array offset on value of type bool in D:\OSPanel\domains\goodphp.loc\app\views\layouts\default\index.php:317
[2025-04-03 15:21:28] (2) Trying to access array offset on value of type bool in D:\OSPanel\domains\goodphp.loc\app\views\layouts\default\index.php:292
[2025-04-03 15:21:28] (2) Trying to access array offset on value of type bool in D:\OSPanel\domains\goodphp.loc\app\views\layouts\default\index.php:316
[2025-04-03 15:21:28] (2) Trying to access array offset on value of type bool in D:\OSPanel\domains\goodphp.loc\app\views\layouts\default\index.php:317
[2025-04-03 15:21:28] (2) Trying to access array offset on value of type bool in D:\OSPanel\domains\goodphp.loc\app\views\layouts\default\index.php:292
[2025-04-03 15:21:28] (2) Trying to access array offset on value of type bool in D:\OSPanel\domains\goodphp.loc\app\views\layouts\default\index.php:316
[2025-04-03 15:21:28] (2) Trying to access array offset on value of type bool in D:\OSPanel\domains\goodphp.loc\app\views\layouts\default\index.php:317
[2025-04-03 15:21:28] (2) Trying to access array offset on value of type bool in D:\OSPanel\domains\goodphp.loc\app\views\layouts\default\index.php:292
[2025-04-03 15:21:28] (2) Trying to access array offset on value of type bool in D:\OSPanel\domains\goodphp.loc\app\views\layouts\default\index.php:316
[2025-04-03 15:21:28] (2) Trying to access array offset on value of type bool in D:\OSPanel\domains\goodphp.loc\app\views\layouts\default\index.php:317
[2025-04-03 15:21:28] (2) Trying to access array offset on value of type bool in D:\OSPanel\domains\goodphp.loc\app\views\layouts\default\index.php:292
[2025-04-03 15:21:28] (2) Trying to access array offset on value of type bool in D:\OSPanel\domains\goodphp.loc\app\views\layouts\default\index.php:316
[2025-04-03 15:21:28] (2) Trying to access array offset on value of type bool in D:\OSPanel\domains\goodphp.loc\app\views\layouts\default\index.php:317
[2025-04-03 15:21:28] (2) Trying to access array offset on value of type bool in D:\OSPanel\domains\goodphp.loc\app\views\layouts\default\index.php:292
[2025-04-03 15:21:28] (2) Trying to access array offset on value of type bool in D:\OSPanel\domains\goodphp.loc\app\views\layouts\default\index.php:316
[2025-04-03 15:21:28] (2) Trying to access array offset on value of type bool in D:\OSPanel\domains\goodphp.loc\app\views\layouts\default\index.php:317
[2025-04-03 15:21:28] (2) Trying to access array offset on value of type bool in D:\OSPanel\domains\goodphp.loc\app\views\layouts\default\index.php:292
[2025-04-03 15:21:28] (2) Trying to access array offset on value of type bool in D:\OSPanel\domains\goodphp.loc\app\views\layouts\default\index.php:316
[2025-04-03 15:21:28] (2) Trying to access array offset on value of type bool in D:\OSPanel\domains\goodphp.loc\app\views\layouts\default\index.php:317
[2025-04-03 15:21:28] (2) Trying to access array offset on value of type bool in D:\OSPanel\domains\goodphp.loc\app\views\layouts\default\index.php:292
[2025-04-03 15:21:28] (2) Trying to access array offset on value of type bool in D:\OSPanel\domains\goodphp.loc\app\views\layouts\default\index.php:316
[2025-04-03 15:21:28] (2) Trying to access array offset on value of type bool in D:\OSPanel\domains\goodphp.loc\app\views\layouts\default\index.php:317
[2025-04-03 15:21:29] (2) Trying to access array offset on value of type bool in D:\OSPanel\domains\goodphp.loc\app\views\layouts\default\index.php:292
[2025-04-03 15:21:29] (2) Trying to access array offset on value of type bool in D:\OSPanel\domains\goodphp.loc\app\views\layouts\default\index.php:316
[2025-04-03 15:21:29] (2) Trying to access array offset on value of type bool in D:\OSPanel\domains\goodphp.loc\app\views\layouts\default\index.php:317
[2025-04-03 15:21:30] (2) Trying to access array offset on value of type bool in D:\OSPanel\domains\goodphp.loc\app\views\layouts\default\index.php:292
[2025-04-03 15:21:30] (2) Trying to access array offset on value of type bool in D:\OSPanel\domains\goodphp.loc\app\views\layouts\default\index.php:316
[2025-04-03 15:21:30] (2) Trying to access array offset on value of type bool in D:\OSPanel\domains\goodphp.loc\app\views\layouts\default\index.php:317
[2025-04-03 15:21:30] (2) Trying to access array offset on value of type bool in D:\OSPanel\domains\goodphp.loc\app\views\layouts\default\index.php:292
[2025-04-03 15:21:30] (2) Trying to access array offset on value of type bool in D:\OSPanel\domains\goodphp.loc\app\views\layouts\default\index.php:316
[2025-04-03 15:21:30] (2) Trying to access array offset on value of type bool in D:\OSPanel\domains\goodphp.loc\app\views\layouts\default\index.php:317
[2025-04-03 15:21:30] (2) Trying to access array offset on value of type bool in D:\OSPanel\domains\goodphp.loc\app\views\layouts\default\index.php:292
[2025-04-03 15:21:30] (2) Trying to access array offset on value of type bool in D:\OSPanel\domains\goodphp.loc\app\views\layouts\default\index.php:316
[2025-04-03 15:21:30] (2) Trying to access array offset on value of type bool in D:\OSPanel\domains\goodphp.loc\app\views\layouts\default\index.php:317
[2025-04-03 15:21:30] (2) Trying to access array offset on value of type bool in D:\OSPanel\domains\goodphp.loc\app\views\layouts\default\index.php:292
[2025-04-03 15:21:30] (2) Trying to access array offset on value of type bool in D:\OSPanel\domains\goodphp.loc\app\views\layouts\default\index.php:316
[2025-04-03 15:21:30] (2) Trying to access array offset on value of type bool in D:\OSPanel\domains\goodphp.loc\app\views\layouts\default\index.php:317
[2025-04-03 15:21:30] (2) Trying to access array offset on value of type bool in D:\OSPanel\domains\goodphp.loc\app\views\layouts\default\index.php:292
[2025-04-03 15:21:30] (2) Trying to access array offset on value of type bool in D:\OSPanel\domains\goodphp.loc\app\views\layouts\default\index.php:316
[2025-04-03 15:21:30] (2) Trying to access array offset on value of type bool in D:\OSPanel\domains\goodphp.loc\app\views\layouts\default\index.php:317
[2025-04-03 15:21:30] (2) Trying to access array offset on value of type bool in D:\OSPanel\domains\goodphp.loc\app\views\layouts\default\index.php:292
[2025-04-03 15:21:30] (2) Trying to access array offset on value of type bool in D:\OSPanel\domains\goodphp.loc\app\views\layouts\default\index.php:316
[2025-04-03 15:21:30] (2) Trying to access array offset on value of type bool in D:\OSPanel\domains\goodphp.loc\app\views\layouts\default\index.php:317
[2025-04-03 15:21:30] (2) Trying to access array offset on value of type bool in D:\OSPanel\domains\goodphp.loc\app\views\layouts\default\index.php:292
[2025-04-03 15:21:30] (2) Trying to access array offset on value of type bool in D:\OSPanel\domains\goodphp.loc\app\views\layouts\default\index.php:316
[2025-04-03 15:21:30] (2) Trying to access array offset on value of type bool in D:\OSPanel\domains\goodphp.loc\app\views\layouts\default\index.php:317
[2025-04-03 15:21:30] (2) Trying to access array offset on value of type bool in D:\OSPanel\domains\goodphp.loc\app\views\layouts\default\index.php:292
[2025-04-03 15:21:30] (2) Trying to access array offset on value of type bool in D:\OSPanel\domains\goodphp.loc\app\views\layouts\default\index.php:316
[2025-04-03 15:21:30] (2) Trying to access array offset on value of type bool in D:\OSPanel\domains\goodphp.loc\app\views\layouts\default\index.php:317
[2025-04-03 15:21:30] (2) Trying to access array offset on value of type bool in D:\OSPanel\domains\goodphp.loc\app\views\layouts\default\index.php:292
[2025-04-03 15:21:30] (2) Trying to access array offset on value of type bool in D:\OSPanel\domains\goodphp.loc\app\views\layouts\default\index.php:316
[2025-04-03 15:21:30] (2) Trying to access array offset on value of type bool in D:\OSPanel\domains\goodphp.loc\app\views\layouts\default\index.php:317
[2025-04-03 15:21:30] (2) Trying to access array offset on value of type bool in D:\OSPanel\domains\goodphp.loc\app\views\layouts\default\index.php:292
[2025-04-03 15:21:30] (2) Trying to access array offset on value of type bool in D:\OSPanel\domains\goodphp.loc\app\views\layouts\default\index.php:316
[2025-04-03 15:21:30] (2) Trying to access array offset on value of type bool in D:\OSPanel\domains\goodphp.loc\app\views\layouts\default\index.php:317
[2025-04-03 15:21:30] (2) Trying to access array offset on value of type bool in D:\OSPanel\domains\goodphp.loc\app\views\layouts\default\index.php:292
[2025-04-03 15:21:30] (2) Trying to access array offset on value of type bool in D:\OSPanel\domains\goodphp.loc\app\views\layouts\default\index.php:316
[2025-04-03 15:21:30] (2) Trying to access array offset on value of type bool in D:\OSPanel\domains\goodphp.loc\app\views\layouts\default\index.php:317
[2025-04-03 15:21:30] (2) Trying to access array offset on value of type bool in D:\OSPanel\domains\goodphp.loc\app\views\layouts\default\index.php:292
[2025-04-03 15:21:30] (2) Trying to access array offset on value of type bool in D:\OSPanel\domains\goodphp.loc\app\views\layouts\default\index.php:316
[2025-04-03 15:21:30] (2) Trying to access array offset on value of type bool in D:\OSPanel\domains\goodphp.loc\app\views\layouts\default\index.php:317
[2025-04-03 15:22:48] (2) Trying to access array offset on value of type bool in D:\OSPanel\domains\goodphp.loc\app\views\layouts\default\index.php:287
[2025-04-03 15:22:48] (2) Trying to access array offset on value of type bool in D:\OSPanel\domains\goodphp.loc\app\views\layouts\default\index.php:311
[2025-04-03 15:22:48] (2) Trying to access array offset on value of type bool in D:\OSPanel\domains\goodphp.loc\app\views\layouts\default\index.php:312
[2025-04-03 15:22:48] (2) Trying to access array offset on value of type bool in D:\OSPanel\domains\goodphp.loc\app\views\layouts\default\index.php:287
[2025-04-03 15:22:48] (2) Trying to access array offset on value of type bool in D:\OSPanel\domains\goodphp.loc\app\views\layouts\default\index.php:311
[2025-04-03 15:22:48] (2) Trying to access array offset on value of type bool in D:\OSPanel\domains\goodphp.loc\app\views\layouts\default\index.php:312
[2025-04-03 15:22:52] (2) Trying to access array offset on value of type bool in D:\OSPanel\domains\goodphp.loc\app\views\layouts\default\index.php:287
[2025-04-03 15:22:52] (2) Trying to access array offset on value of type bool in D:\OSPanel\domains\goodphp.loc\app\views\layouts\default\index.php:311
[2025-04-03 15:22:52] (2) Trying to access array offset on value of type bool in D:\OSPanel\domains\goodphp.loc\app\views\layouts\default\index.php:312
[2025-04-03 15:22:52] (2) Trying to access array offset on value of type bool in D:\OSPanel\domains\goodphp.loc\app\views\layouts\default\index.php:287
[2025-04-03 15:22:52] (2) Trying to access array offset on value of type bool in D:\OSPanel\domains\goodphp.loc\app\views\layouts\default\index.php:311
[2025-04-03 15:22:52] (2) Trying to access array offset on value of type bool in D:\OSPanel\domains\goodphp.loc\app\views\layouts\default\index.php:312
[2025-04-03 15:22:53] (2) Trying to access array offset on value of type bool in D:\OSPanel\domains\goodphp.loc\app\views\layouts\default\index.php:287
[2025-04-03 15:22:53] (2) Trying to access array offset on value of type bool in D:\OSPanel\domains\goodphp.loc\app\views\layouts\default\index.php:311
[2025-04-03 15:22:53] (2) Trying to access array offset on value of type bool in D:\OSPanel\domains\goodphp.loc\app\views\layouts\default\index.php:312
[2025-04-03 15:22:53] (2) Trying to access array offset on value of type bool in D:\OSPanel\domains\goodphp.loc\app\views\layouts\default\index.php:287
[2025-04-03 15:22:53] (2) Trying to access array offset on value of type bool in D:\OSPanel\domains\goodphp.loc\app\views\layouts\default\index.php:311
[2025-04-03 15:22:53] (2) Trying to access array offset on value of type bool in D:\OSPanel\domains\goodphp.loc\app\views\layouts\default\index.php:312
[2025-04-03 17:50:21] (2) Trying to access array offset on value of type bool in D:\OSPanel\domains\goodphp.loc\app\controllers\account\index.php:3
[2025-04-03 17:50:55] (2) Trying to access array offset on value of type bool in D:\OSPanel\domains\goodphp.loc\app\controllers\account\index.php:3
[2025-04-03 17:51:40] (2) Trying to access array offset on value of type bool in D:\OSPanel\domains\goodphp.loc\app\controllers\account\index.php:3
[2025-04-03 17:52:16] (2) Trying to access array offset on value of type bool in D:\OSPanel\domains\goodphp.loc\app\controllers\account\index.php:3
[2025-04-04 11:39:52] (2) Trying to access array offset on value of type bool in D:\OSPanel\domains\goodphp.loc\app\controllers\account\index.php:3
[2025-04-04 11:40:51] (2) Undefined variable $user in D:\OSPanel\domains\goodphp.loc\app\views\account\index.php:1
[2025-04-04 11:40:52] (2) Undefined variable $user in D:\OSPanel\domains\goodphp.loc\app\views\account\index.php:1
[2025-04-04 11:41:20] (2) Undefined variable $user in D:\OSPanel\domains\goodphp.loc\app\views\account\index.php:11
[2025-04-04 11:41:20] (2) Trying to access array offset on value of type null in D:\OSPanel\domains\goodphp.loc\app\views\account\index.php:11
[2025-04-04 11:41:21] (2) Undefined variable $user in D:\OSPanel\domains\goodphp.loc\app\views\account\index.php:11
[2025-04-04 11:41:21] (2) Trying to access array offset on value of type null in D:\OSPanel\domains\goodphp.loc\app\views\account\index.php:11
[2025-04-04 11:41:44] (2) Trying to access array offset on value of type bool in D:\OSPanel\domains\goodphp.loc\app\views\account\index.php:11
[2025-04-04 11:41:44] (2) Trying to access array offset on value of type bool in D:\OSPanel\domains\goodphp.loc\app\views\account\index.php:11
[2025-04-04 11:42:34] (2) Trying to access array offset on value of type bool in D:\OSPanel\domains\goodphp.loc\app\views\account\index.php:11
[2025-04-04 11:42:34] (2) Trying to access array offset on value of type null in D:\OSPanel\domains\goodphp.loc\app\views\account\index.php:11
[2025-04-04 11:43:01] (2) Trying to access array offset on value of type bool in D:\OSPanel\domains\goodphp.loc\app\views\account\index.php:11
[2025-04-04 11:43:01] (2) Trying to access array offset on value of type null in D:\OSPanel\domains\goodphp.loc\app\views\account\index.php:11
[2025-04-04 11:43:02] (2) Trying to access array offset on value of type bool in D:\OSPanel\domains\goodphp.loc\app\views\account\index.php:11
[2025-04-04 11:43:02] (2) Trying to access array offset on value of type null in D:\OSPanel\domains\goodphp.loc\app\views\account\index.php:11
[2025-04-04 15:08:56] (2) Trying to access array offset on value of type bool in D:\OSPanel\domains\goodphp.loc\app\views\account\index.php:10
[2025-04-04 15:08:56] (2) Trying to access array offset on value of type null in D:\OSPanel\domains\goodphp.loc\app\views\account\index.php:10
[2025-04-04 15:22:48] (2) Trying to access array offset on value of type bool in D:\OSPanel\domains\goodphp.loc\app\views\account\index.php:10
[2025-04-04 15:22:48] (2) Trying to access array offset on value of type null in D:\OSPanel\domains\goodphp.loc\app\views\account\index.php:10
[2025-04-04 15:22:48] (2) Trying to access array offset on value of type bool in D:\OSPanel\domains\goodphp.loc\app\views\account\index.php:10
[2025-04-04 15:22:48] (2) Trying to access array offset on value of type null in D:\OSPanel\domains\goodphp.loc\app\views\account\index.php:10
[2025-04-04 17:11:46] (2) Trying to access array offset on value of type bool in D:\OSPanel\domains\goodphp.loc\app\views\account\index.php:10
[2025-04-04 17:11:46] (2) Trying to access array offset on value of type null in D:\OSPanel\domains\goodphp.loc\app\views\account\index.php:10
[2025-04-04 17:11:47] (2) Trying to access array offset on value of type bool in D:\OSPanel\domains\goodphp.loc\app\views\account\index.php:10
[2025-04-04 17:11:47] (2) Trying to access array offset on value of type null in D:\OSPanel\domains\goodphp.loc\app\views\account\index.php:10
[2025-04-04 17:11:50] (2) Trying to access array offset on value of type bool in D:\OSPanel\domains\goodphp.loc\app\views\account\index.php:10
[2025-04-04 17:11:50] (2) Trying to access array offset on value of type null in D:\OSPanel\domains\goodphp.loc\app\views\account\index.php:10
[2025-04-04 17:12:04] (2) Trying to access array offset on value of type bool in D:\OSPanel\domains\goodphp.loc\app\views\account\index.php:10
[2025-04-04 17:12:04] (2) Trying to access array offset on value of type null in D:\OSPanel\domains\goodphp.loc\app\views\account\index.php:10
[2025-04-04 17:12:05] (2) Trying to access array offset on value of type bool in D:\OSPanel\domains\goodphp.loc\app\views\account\index.php:10
[2025-04-04 17:12:05] (2) Trying to access array offset on value of type null in D:\OSPanel\domains\goodphp.loc\app\views\account\index.php:10
[2025-04-04 17:12:17] (2) Trying to access array offset on value of type bool in D:\OSPanel\domains\goodphp.loc\app\views\account\index.php:10
[2025-04-04 17:12:17] (2) Trying to access array offset on value of type null in D:\OSPanel\domains\goodphp.loc\app\views\account\index.php:10
[2025-04-04 17:12:17] (2) Trying to access array offset on value of type bool in D:\OSPanel\domains\goodphp.loc\app\views\account\index.php:10
[2025-04-04 17:12:17] (2) Trying to access array offset on value of type null in D:\OSPanel\domains\goodphp.loc\app\views\account\index.php:10
[2025-04-04 17:12:48] (2) Trying to access array offset on value of type bool in D:\OSPanel\domains\goodphp.loc\app\views\account\index.php:10
[2025-04-04 17:12:48] (2) Trying to access array offset on value of type null in D:\OSPanel\domains\goodphp.loc\app\views\account\index.php:10
[2025-04-04 17:13:06] (2) Trying to access array offset on value of type bool in D:\OSPanel\domains\goodphp.loc\app\views\account\index.php:10
[2025-04-04 17:13:06] (2) Trying to access array offset on value of type null in D:\OSPanel\domains\goodphp.loc\app\views\account\index.php:10
[2025-04-04 17:15:06] (2) Trying to access array offset on value of type bool in D:\OSPanel\domains\goodphp.loc\app\views\account\index.php:10
[2025-04-04 17:15:06] (2) Trying to access array offset on value of type null in D:\OSPanel\domains\goodphp.loc\app\views\account\index.php:10
[2025-04-04 17:15:07] (2) Trying to access array offset on value of type bool in D:\OSPanel\domains\goodphp.loc\app\views\account\index.php:10
[2025-04-04 17:15:07] (2) Trying to access array offset on value of type null in D:\OSPanel\domains\goodphp.loc\app\views\account\index.php:10
[2025-04-04 17:15:18] (2) Trying to access array offset on value of type bool in D:\OSPanel\domains\goodphp.loc\app\views\account\index.php:10
[2025-04-04 17:15:18] (2) Trying to access array offset on value of type null in D:\OSPanel\domains\goodphp.loc\app\views\account\index.php:10
[2025-04-04 17:16:19] (2) Trying to access array offset on value of type bool in D:\OSPanel\domains\goodphp.loc\app\views\account\index.php:10
[2025-04-04 17:16:19] (2) Trying to access array offset on value of type null in D:\OSPanel\domains\goodphp.loc\app\views\account\index.php:10
[2025-04-04 17:19:34] (2) Trying to access array offset on value of type bool in D:\OSPanel\domains\goodphp.loc\app\views\account\index.php:10
[2025-04-04 17:19:34] (2) Trying to access array offset on value of type null in D:\OSPanel\domains\goodphp.loc\app\views\account\index.php:10
[2025-04-04 17:29:36] (2) Trying to access array offset on value of type bool in D:\OSPanel\domains\goodphp.loc\app\views\account\index.php:10
[2025-04-04 17:29:36] (2) Trying to access array offset on value of type null in D:\OSPanel\domains\goodphp.loc\app\views\account\index.php:10
[2025-04-04 17:30:00] (2) Trying to access array offset on value of type bool in D:\OSPanel\domains\goodphp.loc\app\views\account\index.php:10
[2025-04-04 17:30:00] (2) Trying to access array offset on value of type null in D:\OSPanel\domains\goodphp.loc\app\views\account\index.php:10
[2025-04-06 08:48:45] (2) Trying to access array offset on value of type null in D:\OSPanel\domains\goodphp.loc\app\views\account\index.php:10
[2025-04-06 08:48:45] (2) Trying to access array offset on value of type null in D:\OSPanel\domains\goodphp.loc\app\views\account\index.php:10
[2025-04-06 09:24:16] (2) Undefined variable $employees in D:\OSPanel\domains\goodphp.loc\app\views\user\index.php:39
[2025-04-06 09:24:16] (2) foreach() argument must be of type array|object, null given in D:\OSPanel\domains\goodphp.loc\app\views\user\index.php:39
[2025-04-06 09:24:16] (2) Undefined variable $url in D:\OSPanel\domains\goodphp.loc\app\views\user\index.php:152
[2025-04-06 09:24:16] (2) Undefined variable $url in D:\OSPanel\domains\goodphp.loc\app\views\user\index.php:154
[2025-04-06 09:24:16] (2) Undefined variable $url in D:\OSPanel\domains\goodphp.loc\app\views\user\index.php:156
[2025-04-06 09:24:39] (Exception) Undefined constant "BASE_URL" in D:\OSPanel\domains\goodphp.loc\app\views\user\index.php:45
[2025-04-06 09:24:40] (Exception) Undefined constant "BASE_URL" in D:\OSPanel\domains\goodphp.loc\app\views\user\index.php:45
[2025-04-06 09:25:18] (8192) mb_substr(): Passing null to parameter #1 ($string) of type string is deprecated in D:\OSPanel\domains\goodphp.loc\app\views\user\index.php:45
[2025-04-06 09:25:18] (Exception) SQLSTATE[42S02]: Base table or view not found: 1146 Table 'goodphp.branches' doesn't exist in D:\OSPanel\domains\goodphp.loc\core\redbean\rb.php:838
[2025-04-06 09:28:05] (8192) mb_substr(): Passing null to parameter #1 ($string) of type string is deprecated in D:\OSPanel\domains\goodphp.loc\app\views\user\index.php:43
[2025-04-06 09:28:13] (8192) mb_substr(): Passing null to parameter #1 ($string) of type string is deprecated in D:\OSPanel\domains\goodphp.loc\app\views\user\index.php:41
[2025-04-06 09:33:58] (2) Undefined variable $id in D:\OSPanel\domains\goodphp.loc\app\controllers\user\delete.php:7
[2025-04-06 09:35:06] (2) Undefined variable $id in D:\OSPanel\domains\goodphp.loc\app\controllers\user\delete.php:7
[2025-04-06 15:02:54] (Exception) Could not connection to database (goodphp). in D:\OpenServer\domains\goodphp.loc\core\redbean\rb.php:1105
[2025-04-06 16:55:46] (2) Trying to access array offset on value of type bool in D:\OpenServer\domains\goodphp.loc\app\controllers\user\create.php:3
[2025-04-06 16:57:07] (Exception) SQLSTATE[42S02]: Base table or view not found: 1146 Table 'goodphp.users' doesn't exist in D:\OpenServer\domains\goodphp.loc\core\redbean\rb.php:838
[2025-04-06 16:57:07] (Exception) SQLSTATE[42S02]: Base table or view not found: 1146 Table 'goodphp.users' doesn't exist in D:\OpenServer\domains\goodphp.loc\core\redbean\rb.php:838
[2025-04-06 16:57:55] (Exception) SQLSTATE[42S02]: Base table or view not found: 1146 Table 'goodphp.users' doesn't exist in D:\OpenServer\domains\goodphp.loc\core\redbean\rb.php:838
[2025-04-06 16:57:55] (Exception) SQLSTATE[42S02]: Base table or view not found: 1146 Table 'goodphp.users' doesn't exist in D:\OpenServer\domains\goodphp.loc\core\redbean\rb.php:838
[2025-04-06 16:57:56] (Exception) SQLSTATE[42S02]: Base table or view not found: 1146 Table 'goodphp.users' doesn't exist in D:\OpenServer\domains\goodphp.loc\core\redbean\rb.php:838
[2025-04-06 16:57:56] (Exception) SQLSTATE[42S02]: Base table or view not found: 1146 Table 'goodphp.users' doesn't exist in D:\OpenServer\domains\goodphp.loc\core\redbean\rb.php:838
[2025-04-06 16:57:56] (Exception) SQLSTATE[42S02]: Base table or view not found: 1146 Table 'goodphp.users' doesn't exist in D:\OpenServer\domains\goodphp.loc\core\redbean\rb.php:838
[2025-04-06 16:57:56] (Exception) SQLSTATE[42S02]: Base table or view not found: 1146 Table 'goodphp.users' doesn't exist in D:\OpenServer\domains\goodphp.loc\core\redbean\rb.php:838
[2025-04-06 16:57:56] (Exception) SQLSTATE[42S02]: Base table or view not found: 1146 Table 'goodphp.users' doesn't exist in D:\OpenServer\domains\goodphp.loc\core\redbean\rb.php:838
[2025-04-06 16:57:56] (Exception) SQLSTATE[42S02]: Base table or view not found: 1146 Table 'goodphp.users' doesn't exist in D:\OpenServer\domains\goodphp.loc\core\redbean\rb.php:838
[2025-04-06 16:57:56] (Exception) SQLSTATE[42S02]: Base table or view not found: 1146 Table 'goodphp.users' doesn't exist in D:\OpenServer\domains\goodphp.loc\core\redbean\rb.php:838
[2025-04-06 16:57:56] (Exception) SQLSTATE[42S02]: Base table or view not found: 1146 Table 'goodphp.users' doesn't exist in D:\OpenServer\domains\goodphp.loc\core\redbean\rb.php:838
[2025-04-06 16:57:57] (Exception) SQLSTATE[42S02]: Base table or view not found: 1146 Table 'goodphp.users' doesn't exist in D:\OpenServer\domains\goodphp.loc\core\redbean\rb.php:838
[2025-04-06 16:57:57] (Exception) SQLSTATE[42S02]: Base table or view not found: 1146 Table 'goodphp.users' doesn't exist in D:\OpenServer\domains\goodphp.loc\core\redbean\rb.php:838
[2025-04-06 17:03:18] (2) Trying to access array offset on value of type null in D:\OpenServer\domains\goodphp.loc\app\views\account\index.php:10
[2025-04-06 19:00:39] (Exception) SQLSTATE[42S02]: Base table or view not found: 1146 Table 'goodphp.user_roles' doesn't exist in D:\OpenServer\domains\goodphp.loc\core\redbean\rb.php:838
[2025-04-06 19:00:40] (Exception) SQLSTATE[42S02]: Base table or view not found: 1146 Table 'goodphp.user_roles' doesn't exist in D:\OpenServer\domains\goodphp.loc\core\redbean\rb.php:838
[2025-04-06 19:01:14] (Exception) SQLSTATE[42S02]: Base table or view not found: 1146 Table 'goodphp.role_permissions' doesn't exist in D:\OpenServer\domains\goodphp.loc\core\redbean\rb.php:838
[2025-04-06 19:01:14] (Exception) SQLSTATE[42S02]: Base table or view not found: 1146 Table 'goodphp.role_permissions' doesn't exist in D:\OpenServer\domains\goodphp.loc\core\redbean\rb.php:838
[2025-04-06 21:53:04] (2) Undefined variable $id in D:\OpenServer\domains\goodphp.loc\app\controllers\user\delete.php:7
[2025-04-06 21:54:47] (2) Undefined variable $_DATA in D:\OpenServer\domains\goodphp.loc\app\controllers\user\delete.php:7
[2025-04-06 21:54:47] (2) Trying to access array offset on value of type null in D:\OpenServer\domains\goodphp.loc\app\controllers\user\delete.php:7
[2025-04-07 06:02:38] (2) Undefined array key "id" in D:\OpenServer\domains\goodphp.loc\app\controllers\user\assign_roles.php:4
[2025-04-07 06:03:17] (2) Undefined array key "id" in D:\OpenServer\domains\goodphp.loc\app\controllers\user\assign_roles.php:4
[2025-04-07 06:03:38] (2) Undefined variable $user in D:\OpenServer\domains\goodphp.loc\app\views\user\assign_roles.php:1
[2025-04-07 06:03:38] (2) Trying to access array offset on value of type null in D:\OpenServer\domains\goodphp.loc\app\views\user\assign_roles.php:1
[2025-04-07 06:03:38] (2) Undefined variable $user in D:\OpenServer\domains\goodphp.loc\app\views\user\assign_roles.php:4
[2025-04-07 06:03:38] (2) Trying to access array offset on value of type null in D:\OpenServer\domains\goodphp.loc\app\views\user\assign_roles.php:4
[2025-04-07 06:03:38] (2) Undefined variable $allRoles in D:\OpenServer\domains\goodphp.loc\app\views\user\assign_roles.php:7
[2025-04-07 06:03:38] (2) foreach() argument must be of type array|object, null given in D:\OpenServer\domains\goodphp.loc\app\views\user\assign_roles.php:7
[2025-04-07 06:04:49] (2) Undefined variable $userRoles in D:\OpenServer\domains\goodphp.loc\app\views\user\assign_roles.php:10
[2025-04-07 06:04:49] (Exception) in_array(): Argument #2 ($haystack) must be of type array, null given in D:\OpenServer\domains\goodphp.loc\app\views\user\assign_roles.php:10
[2025-04-07 06:04:49] (2) Undefined variable $userRoles in D:\OpenServer\domains\goodphp.loc\app\views\user\assign_roles.php:10
[2025-04-07 06:04:49] (Exception) in_array(): Argument #2 ($haystack) must be of type array, null given in D:\OpenServer\domains\goodphp.loc\app\views\user\assign_roles.php:10
[2025-04-07 06:07:56] (Exception) Invalid type: user_role in D:\OpenServer\domains\goodphp.loc\core\redbean\rb.php:16007
[2025-04-07 06:09:42] (2) Trying to access array offset on value of type null in D:\OpenServer\domains\goodphp.loc\app\views\user\index.php:45
[2025-04-07 06:09:42] (2) Trying to access array offset on value of type null in D:\OpenServer\domains\goodphp.loc\app\views\user\index.php:50
[2025-04-07 06:14:25] (2) Trying to access array offset on value of type null in D:\OpenServer\domains\goodphp.loc\app\views\user\index.php:45
[2025-04-07 06:14:25] (2) Trying to access array offset on value of type null in D:\OpenServer\domains\goodphp.loc\app\views\user\index.php:50
[2025-04-07 06:23:21] (Exception) Call to undefined function getUserRole() in D:\OpenServer\domains\goodphp.loc\app\views\user\index.php:45
[2025-04-07 06:23:22] (Exception) Call to undefined function getUserRole() in D:\OpenServer\domains\goodphp.loc\app\views\user\index.php:45
[2025-04-07 06:23:41] (Exception) htmlspecialchars(): Argument #1 ($string) must be of type string, array given in D:\OpenServer\domains\goodphp.loc\core\helpers.php:4
[2025-04-07 06:23:41] (Exception) htmlspecialchars(): Argument #1 ($string) must be of type string, array given in D:\OpenServer\domains\goodphp.loc\core\helpers.php:4
[2025-04-07 06:24:03] (Exception) Invalid type: user_role in D:\OpenServer\domains\goodphp.loc\core\redbean\rb.php:16007
[2025-04-07 06:31:00] (Exception) SQLSTATE[42S02]: Base table or view not found: 1146 Table 'goodphp.user_role' doesn't exist in D:\OpenServer\domains\goodphp.loc\core\redbean\rb.php:838
[2025-04-07 06:31:00] (Exception) SQLSTATE[42S02]: Base table or view not found: 1146 Table 'goodphp.user_role' doesn't exist in D:\OpenServer\domains\goodphp.loc\core\redbean\rb.php:838
[2025-04-07 06:31:01] (Exception) SQLSTATE[42S02]: Base table or view not found: 1146 Table 'goodphp.user_role' doesn't exist in D:\OpenServer\domains\goodphp.loc\core\redbean\rb.php:838
[2025-04-07 06:31:01] (Exception) SQLSTATE[42S02]: Base table or view not found: 1146 Table 'goodphp.user_role' doesn't exist in D:\OpenServer\domains\goodphp.loc\core\redbean\rb.php:838
[2025-04-07 06:31:02] (Exception) SQLSTATE[42S02]: Base table or view not found: 1146 Table 'goodphp.user_role' doesn't exist in D:\OpenServer\domains\goodphp.loc\core\redbean\rb.php:838
[2025-04-07 06:31:02] (Exception) SQLSTATE[42S02]: Base table or view not found: 1146 Table 'goodphp.user_role' doesn't exist in D:\OpenServer\domains\goodphp.loc\core\redbean\rb.php:838
[2025-04-07 06:31:02] (Exception) SQLSTATE[42S02]: Base table or view not found: 1146 Table 'goodphp.user_role' doesn't exist in D:\OpenServer\domains\goodphp.loc\core\redbean\rb.php:838
[2025-04-07 06:31:02] (Exception) SQLSTATE[42S02]: Base table or view not found: 1146 Table 'goodphp.user_role' doesn't exist in D:\OpenServer\domains\goodphp.loc\core\redbean\rb.php:838
[2025-04-07 06:31:15] (Exception) SQLSTATE[42S02]: Base table or view not found: 1146 Table 'goodphp.user_role' doesn't exist in D:\OpenServer\domains\goodphp.loc\core\redbean\rb.php:838
[2025-04-07 06:31:15] (Exception) SQLSTATE[42S02]: Base table or view not found: 1146 Table 'goodphp.user_role' doesn't exist in D:\OpenServer\domains\goodphp.loc\core\redbean\rb.php:838
[2025-04-07 06:31:16] (Exception) SQLSTATE[42S02]: Base table or view not found: 1146 Table 'goodphp.user_role' doesn't exist in D:\OpenServer\domains\goodphp.loc\core\redbean\rb.php:838
[2025-04-07 06:31:16] (Exception) SQLSTATE[42S02]: Base table or view not found: 1146 Table 'goodphp.user_role' doesn't exist in D:\OpenServer\domains\goodphp.loc\core\redbean\rb.php:838
[2025-04-07 06:31:43] (Exception) SQLSTATE[42S02]: Base table or view not found: 1146 Table 'goodphp.role_permission' doesn't exist in D:\OpenServer\domains\goodphp.loc\core\redbean\rb.php:838
[2025-04-07 06:32:31] (Exception) SQLSTATE[42S02]: Base table or view not found: 1146 Table 'goodphp.role_permission' doesn't exist in D:\OpenServer\domains\goodphp.loc\core\redbean\rb.php:838
[2025-04-07 06:39:22] (2) Undefined array key "role" in D:\OpenServer\domains\goodphp.loc\app\controllers\user\create.php:13
[2025-04-07 06:39:22] (Exception) SQLSTATE[42S02]: Base table or view not found: 1146 Table 'goodphp.users' doesn't exist in D:\OpenServer\domains\goodphp.loc\core\redbean\rb.php:838
[2025-04-07 06:40:03] (Exception) SQLSTATE[42S02]: Base table or view not found: 1146 Table 'goodphp.users' doesn't exist in D:\OpenServer\domains\goodphp.loc\core\redbean\rb.php:838
[2025-04-07 07:47:13] (Exception) SQLSTATE[42S02]: Base table or view not found: 1146 Table 'goodphp.role_permission' doesn't exist in D:\OpenServer\domains\goodphp.loc\core\redbean\rb.php:838
[2025-04-07 07:55:01] (2) Undefined variable $role in D:\OpenServer\domains\goodphp.loc\app\views\account\settings\password.php:3
[2025-04-07 07:55:01] (2) Trying to access array offset on value of type null in D:\OpenServer\domains\goodphp.loc\app\views\account\settings\password.php:3
[2025-04-08 11:45:59] (2) Undefined variable $questions in D:\OpenServer\domains\goodphp.loc\app\views\question\index.php:37
[2025-04-08 11:45:59] (2) foreach() argument must be of type array|object, null given in D:\OpenServer\domains\goodphp.loc\app\views\question\index.php:37
[2025-04-08 11:46:00] (2) Undefined variable $questions in D:\OpenServer\domains\goodphp.loc\app\views\question\index.php:37
[2025-04-08 11:46:00] (2) foreach() argument must be of type array|object, null given in D:\OpenServer\domains\goodphp.loc\app\views\question\index.php:37
[2025-04-08 14:43:26] (2) Undefined variable $question in D:\OSPanel\domains\goodphp.loc\app\views\question\answer_options.php:4
[2025-04-08 14:43:26] (2) Trying to access array offset on value of type null in D:\OSPanel\domains\goodphp.loc\app\views\question\answer_options.php:4
[2025-04-08 14:43:26] (8192) htmlspecialchars(): Passing null to parameter #1 ($string) of type string is deprecated in D:\OSPanel\domains\goodphp.loc\core\helpers.php:4
[2025-04-08 14:43:26] (2) Undefined variable $answeroptions in D:\OSPanel\domains\goodphp.loc\app\views\question\answer_options.php:23
[2025-04-08 14:43:26] (2) foreach() argument must be of type array|object, null given in D:\OSPanel\domains\goodphp.loc\app\views\question\answer_options.php:23
[2025-04-08 14:43:26] (2) Undefined variable $question in D:\OSPanel\domains\goodphp.loc\app\views\question\answer_options.php:66
[2025-04-08 14:43:26] (2) Trying to access array offset on value of type null in D:\OSPanel\domains\goodphp.loc\app\views\question\answer_options.php:66
[2025-04-08 14:43:26] (8192) htmlspecialchars(): Passing null to parameter #1 ($string) of type string is deprecated in D:\OSPanel\domains\goodphp.loc\core\helpers.php:4
[2025-04-08 14:45:58] (8) session_start(): Ignoring session_start() because a session is already active in D:\OSPanel\domains\goodphp.loc\app\controllers\question\answer_options.php:2
[2025-04-08 14:45:58] (2) require_once(rb.php): Failed to open stream: No such file or directory in D:\OSPanel\domains\goodphp.loc\app\controllers\question\answer_options.php:3
[2025-04-08 14:45:58] (Exception) Failed opening required 'rb.php' (include_path='.') in D:\OSPanel\domains\goodphp.loc\app\controllers\question\answer_options.php:3
[2025-04-08 14:46:24] (2) Undefined variable $answeroptions in D:\OSPanel\domains\goodphp.loc\app\views\question\answer_options.php:23
[2025-04-08 14:46:24] (2) foreach() argument must be of type array|object, null given in D:\OSPanel\domains\goodphp.loc\app\views\question\answer_options.php:23
[2025-04-08 14:48:39] (2) Undefined variable $answeroptions in D:\OSPanel\domains\goodphp.loc\app\views\question\answer_options.php:23
[2025-04-08 14:48:39] (2) foreach() argument must be of type array|object, null given in D:\OSPanel\domains\goodphp.loc\app\views\question\answer_options.php:23
[2025-04-08 16:23:40] (2) Undefined variable $question in D:\OSPanel\domains\goodphp.loc\app\views\question\answer_options.php:1
[2025-04-08 16:23:40] (2) Trying to access array offset on value of type null in D:\OSPanel\domains\goodphp.loc\app\views\question\answer_options.php:1
[2025-04-08 16:23:40] (8192) htmlspecialchars(): Passing null to parameter #1 ($string) of type string is deprecated in D:\OSPanel\domains\goodphp.loc\core\helpers.php:4
[2025-04-08 16:23:40] (2) Undefined variable $question in D:\OSPanel\domains\goodphp.loc\app\views\question\answer_options.php:4
[2025-04-08 16:23:40] (2) Trying to access array offset on value of type null in D:\OSPanel\domains\goodphp.loc\app\views\question\answer_options.php:4
[2025-04-08 16:23:40] (8192) htmlspecialchars(): Passing null to parameter #1 ($string) of type string is deprecated in D:\OSPanel\domains\goodphp.loc\core\helpers.php:4
[2025-04-08 16:23:40] (2) Undefined variable $answeroptions in D:\OSPanel\domains\goodphp.loc\app\views\question\answer_options.php:19
[2025-04-08 16:23:40] (2) foreach() argument must be of type array|object, null given in D:\OSPanel\domains\goodphp.loc\app\views\question\answer_options.php:19
[2025-04-08 16:40:01] (2) Undefined variable $question in D:\OSPanel\domains\goodphp.loc\app\views\question\answer_options.php:1
[2025-04-08 16:40:01] (2) Trying to access array offset on value of type null in D:\OSPanel\domains\goodphp.loc\app\views\question\answer_options.php:1
[2025-04-08 16:40:01] (8192) htmlspecialchars(): Passing null to parameter #1 ($string) of type string is deprecated in D:\OSPanel\domains\goodphp.loc\core\helpers.php:4
[2025-04-08 16:40:01] (2) Undefined variable $question in D:\OSPanel\domains\goodphp.loc\app\views\question\answer_options.php:4
[2025-04-08 16:40:01] (2) Trying to access array offset on value of type null in D:\OSPanel\domains\goodphp.loc\app\views\question\answer_options.php:4
[2025-04-08 16:40:01] (8192) htmlspecialchars(): Passing null to parameter #1 ($string) of type string is deprecated in D:\OSPanel\domains\goodphp.loc\core\helpers.php:4
[2025-04-08 16:40:01] (2) Undefined variable $answeroptions in D:\OSPanel\domains\goodphp.loc\app\views\question\answer_options.php:19
[2025-04-08 16:40:01] (2) foreach() argument must be of type array|object, null given in D:\OSPanel\domains\goodphp.loc\app\views\question\answer_options.php:19
[2025-04-08 16:41:10] (2) Undefined variable $question in D:\OSPanel\domains\goodphp.loc\app\views\question\answer_options.php:1
[2025-04-08 16:41:10] (2) Trying to access array offset on value of type null in D:\OSPanel\domains\goodphp.loc\app\views\question\answer_options.php:1
[2025-04-08 16:41:10] (8192) htmlspecialchars(): Passing null to parameter #1 ($string) of type string is deprecated in D:\OSPanel\domains\goodphp.loc\core\helpers.php:4
[2025-04-08 16:41:10] (2) Undefined variable $question in D:\OSPanel\domains\goodphp.loc\app\views\question\answer_options.php:4
[2025-04-08 16:41:10] (2) Trying to access array offset on value of type null in D:\OSPanel\domains\goodphp.loc\app\views\question\answer_options.php:4
[2025-04-08 16:41:10] (8192) htmlspecialchars(): Passing null to parameter #1 ($string) of type string is deprecated in D:\OSPanel\domains\goodphp.loc\core\helpers.php:4
[2025-04-08 16:41:10] (2) Undefined variable $question in D:\OSPanel\domains\goodphp.loc\app\views\question\answer_options.php:1
[2025-04-08 16:41:10] (2) Trying to access array offset on value of type null in D:\OSPanel\domains\goodphp.loc\app\views\question\answer_options.php:1
[2025-04-08 16:41:10] (8192) htmlspecialchars(): Passing null to parameter #1 ($string) of type string is deprecated in D:\OSPanel\domains\goodphp.loc\core\helpers.php:4
[2025-04-08 16:41:10] (2) Undefined variable $question in D:\OSPanel\domains\goodphp.loc\app\views\question\answer_options.php:4
[2025-04-08 16:41:10] (2) Trying to access array offset on value of type null in D:\OSPanel\domains\goodphp.loc\app\views\question\answer_options.php:4
[2025-04-08 16:41:10] (8192) htmlspecialchars(): Passing null to parameter #1 ($string) of type string is deprecated in D:\OSPanel\domains\goodphp.loc\core\helpers.php:4
[2025-04-08 16:42:41] (2) Undefined variable $question in D:\OSPanel\domains\goodphp.loc\app\views\question\answer_options.php:1
[2025-04-08 16:42:41] (2) Trying to access array offset on value of type null in D:\OSPanel\domains\goodphp.loc\app\views\question\answer_options.php:1
[2025-04-08 16:42:41] (8192) htmlspecialchars(): Passing null to parameter #1 ($string) of type string is deprecated in D:\OSPanel\domains\goodphp.loc\core\helpers.php:4
[2025-04-08 16:42:41] (2) Undefined variable $question in D:\OSPanel\domains\goodphp.loc\app\views\question\answer_options.php:4
[2025-04-08 16:42:41] (2) Trying to access array offset on value of type null in D:\OSPanel\domains\goodphp.loc\app\views\question\answer_options.php:4
[2025-04-08 16:42:41] (8192) htmlspecialchars(): Passing null to parameter #1 ($string) of type string is deprecated in D:\OSPanel\domains\goodphp.loc\core\helpers.php:4
[2025-04-09 16:23:13] (8192) htmlspecialchars(): Passing null to parameter #1 ($string) of type string is deprecated in D:\OSPanel\domains\goodphp.loc\core\helpers.php:4
[2025-04-09 16:23:13] (8192) htmlspecialchars(): Passing null to parameter #1 ($string) of type string is deprecated in D:\OSPanel\domains\goodphp.loc\core\helpers.php:4
[2025-04-09 16:23:13] (8192) htmlspecialchars(): Passing null to parameter #1 ($string) of type string is deprecated in D:\OSPanel\domains\goodphp.loc\core\helpers.php:4
[2025-04-09 16:28:57] (8192) htmlspecialchars(): Passing null to parameter #1 ($string) of type string is deprecated in D:\OSPanel\domains\goodphp.loc\core\helpers.php:4
[2025-04-09 16:28:57] (8192) htmlspecialchars(): Passing null to parameter #1 ($string) of type string is deprecated in D:\OSPanel\domains\goodphp.loc\core\helpers.php:4
[2025-04-09 16:28:57] (8192) htmlspecialchars(): Passing null to parameter #1 ($string) of type string is deprecated in D:\OSPanel\domains\goodphp.loc\core\helpers.php:4
[2025-04-09 16:29:15] (8192) htmlspecialchars(): Passing null to parameter #1 ($string) of type string is deprecated in D:\OSPanel\domains\goodphp.loc\core\helpers.php:4
[2025-04-09 16:29:15] (8192) htmlspecialchars(): Passing null to parameter #1 ($string) of type string is deprecated in D:\OSPanel\domains\goodphp.loc\core\helpers.php:4
[2025-04-09 16:29:15] (8192) htmlspecialchars(): Passing null to parameter #1 ($string) of type string is deprecated in D:\OSPanel\domains\goodphp.loc\core\helpers.php:4
[2025-04-09 17:02:52] (8192) htmlspecialchars(): Passing null to parameter #1 ($string) of type string is deprecated in D:\OSPanel\domains\goodphp.loc\core\helpers.php:4
[2025-04-09 17:02:52] (8192) htmlspecialchars(): Passing null to parameter #1 ($string) of type string is deprecated in D:\OSPanel\domains\goodphp.loc\core\helpers.php:4
[2025-04-09 17:02:52] (8192) htmlspecialchars(): Passing null to parameter #1 ($string) of type string is deprecated in D:\OSPanel\domains\goodphp.loc\core\helpers.php:4
[2025-04-09 17:02:52] (8192) htmlspecialchars(): Passing null to parameter #1 ($string) of type string is deprecated in D:\OSPanel\domains\goodphp.loc\core\helpers.php:4
[2025-04-09 17:02:52] (8192) htmlspecialchars(): Passing null to parameter #1 ($string) of type string is deprecated in D:\OSPanel\domains\goodphp.loc\core\helpers.php:4
[2025-04-09 17:02:52] (8192) htmlspecialchars(): Passing null to parameter #1 ($string) of type string is deprecated in D:\OSPanel\domains\goodphp.loc\core\helpers.php:4
[2025-04-09 17:03:07] (2) Undefined variable $questions in D:\OSPanel\domains\goodphp.loc\app\views\questionnaire\index.php:38
[2025-04-09 17:03:07] (2) foreach() argument must be of type array|object, null given in D:\OSPanel\domains\goodphp.loc\app\views\questionnaire\index.php:38
[2025-04-09 17:03:07] (2) Undefined variable $questions in D:\OSPanel\domains\goodphp.loc\app\views\questionnaire\index.php:38
[2025-04-09 17:03:07] (2) foreach() argument must be of type array|object, null given in D:\OSPanel\domains\goodphp.loc\app\views\questionnaire\index.php:38
[2025-04-09 20:14:51] (Exception) Could not connection to database (goodphp). in D:\OpenServer\domains\goodphp.loc\core\redbean\rb.php:1105
